<?xml version="1.0" encoding="UTF-8"?>
<testsuites>
    <testsuite name="register-on-the-web;the-user-has-failed-to-register-because-account-has-been-registered" tests="11" failures="0" skipped="0">
        <properties>
            <property name="URI" value="D:\SQA\project-indihome\features\register_invalid.feature">
            </property>
        </properties>
        <testcase name="Given User browse Page Dashboard 1" classname="register-on-the-web;the-user-has-failed-to-register-because-account-has-been-registered" time="0.0042069">
        </testcase>
        <testcase name="And Click button “Daftar Akun 1" classname="register-on-the-web;the-user-has-failed-to-register-because-account-has-been-registered" time="0.0009503">
        </testcase>
        <testcase name="And fill email field 1" classname="register-on-the-web;the-user-has-failed-to-register-because-account-has-been-registered" time="0.0004864">
        </testcase>
        <testcase name="And fill Nama field 1" classname="register-on-the-web;the-user-has-failed-to-register-because-account-has-been-registered" time="0.0004056">
        </testcase>
        <testcase name="And fill Nomor Hp 1" classname="register-on-the-web;the-user-has-failed-to-register-because-account-has-been-registered" time="0.0005266">
        </testcase>
        <testcase name="And choose jenis kelamin 1" classname="register-on-the-web;the-user-has-failed-to-register-because-account-has-been-registered" time="0.0004228">
        </testcase>
        <testcase name="And fill Password field 1" classname="register-on-the-web;the-user-has-failed-to-register-because-account-has-been-registered" time="0.0005113">
        </testcase>
        <testcase name="And fill Konfirmasi Password field 1" classname="register-on-the-web;the-user-has-failed-to-register-because-account-has-been-registered" time="0.000392">
        </testcase>
        <testcase name="And Click saya setuju dengan syarat dan ketentuan 1" classname="register-on-the-web;the-user-has-failed-to-register-because-account-has-been-registered" time="0.0004378">
        </testcase>
        <testcase name="When Click button “Register” 1" classname="register-on-the-web;the-user-has-failed-to-register-because-account-has-been-registered" time="0.0006551">
        </testcase>
        <testcase name="Then user can see alert message" classname="register-on-the-web;the-user-has-failed-to-register-because-account-has-been-registered" time="0.0005269">
        </testcase>
    </testsuite>
</testsuites>